<?xml version="1.0" encoding="UTF-8"?>
<testsuite name="com.app.treen.TreenApplicationTests" tests="1" skipped="0" failures="0" errors="0" timestamp="2024-12-29T10:53:34" hostname="iyujin-ui-MacBookPro.local" time="0.373">
  <properties/>
  <testcase name="contextLoads()" classname="com.app.treen.TreenApplicationTests" time="0.373"/>
  <system-out><![CDATA[19:53:33.517 [Test worker] INFO org.springframework.test.context.support.AnnotationConfigContextLoaderUtils -- Could not detect default configuration classes for test class [com.app.treen.TreenApplicationTests]: TreenApplicationTests does not declare any static, non-private, non-final, nested classes annotated with @Configuration.
19:53:33.565 [Test worker] INFO org.springframework.boot.test.context.SpringBootTestContextBootstrapper -- Found @SpringBootConfiguration com.app.treen.TreenApplication for test class com.app.treen.TreenApplicationTests

  .   ____          _            __ _ _
 /\\ / ___'_ __ _ _(_)_ __  __ _ \ \ \ \
( ( )\___ | '_ | '_| | '_ \/ _` | \ \ \ \
 \\/  ___)| |_)| | | | | || (_| |  ) ) ) )
  '  |____| .__|_| |_|_| |_\__, | / / / /
 =========|_|==============|___/=/_/_/_/

 :: Spring Boot ::                (v3.4.0)

2024-12-29T19:53:33.737+09:00  INFO 53656 --- [treen] [    Test worker] com.app.treen.TreenApplicationTests      : Starting TreenApplicationTests using Java 17.0.10 with PID 53656 (started by iyujin in /Users/iyujin/Documents/포트폴리오/treen/back-end/treen)
2024-12-29T19:53:33.738+09:00  INFO 53656 --- [treen] [    Test worker] com.app.treen.TreenApplicationTests      : No active profile set, falling back to 1 default profile: "default"
2024-12-29T19:53:34.197+09:00  INFO 53656 --- [treen] [    Test worker] com.app.treen.TreenApplicationTests      : Started TreenApplicationTests in 0.567 seconds (process running for 1.045)
]]></system-out>
  <system-err><![CDATA[]]></system-err>
</testsuite>
